<?xml version="1.0" encoding="UTF-8"?>
<!-- Generated by org.testng.reporters.JUnitXMLReporter -->
<testsuite hostname="xingzhifangdeMacBook-Pro.local" name="启动app" tests="3" failures="0" timestamp="30 Jun 2017 09:35:46 GMT" time="144.454" errors="0">
  <testcase name="login_test" time="11.616" classname="xiaqiu.LaunchXiaqiuTest"/>
  <testcase name="indexPage_test" time="26.591" classname="xiaqiu.LaunchXiaqiuTest"/>
  <testcase name="baseInfo_test" time="43.454" classname="xiaqiu.LaunchXiaqiuTest"/>
</testsuite> <!-- 启动app -->
