<?xml version="1.0" encoding="UTF-8"?>
<testsuite name="启动app"
           tests="5"
           failures="1"
           errors="0"
           skipped="4"
           time="0.001">
  <properties />
            <testcase name="setUpBeforeClass" time="0.000" classname="xiaqiu.LaunchXiaqiuTest">
                <failure type="java.lang.NullPointerException"
                  message="(null)"
              >
<![CDATA[java.lang.NullPointerException
  macaca.client.commands.Session.createSession(Session.java:36)
  macaca.client.MacacaClient.initDriver(MacacaClient.java:1165)
  xiaqiu.LaunchXiaqiuTest.setUpBeforeClass(LaunchXiaqiuTest.java:39)
  sun.reflect.NativeMethodAccessorImpl.invoke0(Native Method)
  sun.reflect.NativeMethodAccessorImpl.invoke(NativeMethodAccessorImpl.java:62)
  sun.reflect.DelegatingMethodAccessorImpl.invoke(DelegatingMethodAccessorImpl.java:43)
  java.lang.reflect.Method.invoke(Method.java:498)
  org.testng.internal.MethodInvocationHelper.invokeMethod(MethodInvocationHelper.java:85)
  org.testng.internal.Invoker.invokeConfigurationMethod(Invoker.java:552)
  org.testng.internal.Invoker.invokeConfigurations(Invoker.java:215)
  org.testng.internal.Invoker.invokeConfigurations(Invoker.java:140)
  org.testng.internal.TestMethodWorker.invokeBeforeClassMethods(TestMethodWorker.java:170)
  org.testng.internal.TestMethodWorker.run(TestMethodWorker.java:104)
  org.testng.TestRunner.privateRun(TestRunner.java:767)
  org.testng.TestRunner.run(TestRunner.java:617)
  org.testng.SuiteRunner.runTest(SuiteRunner.java:348)
  org.testng.SuiteRunner.access$000(SuiteRunner.java:38)
  org.testng.SuiteRunner$SuiteWorker.run(SuiteRunner.java:382)
  org.testng.internal.thread.ThreadUtil$2.call(ThreadUtil.java:64)
  java.util.concurrent.FutureTask.run(FutureTask.java:266)
  java.util.concurrent.ThreadPoolExecutor.runWorker(ThreadPoolExecutor.java:1142)
  java.util.concurrent.ThreadPoolExecutor$Worker.run(ThreadPoolExecutor.java:617)
  java.lang.Thread.run(Thread.java:745)
]]>
      </failure>

          </testcase>
  
            <testcase name="tearDownAfterClass" time="0.0" classname="xiaqiu.LaunchXiaqiuTest">
          <skipped />
    </testcase>
            <testcase name="baseInfo_test" time="0.0" classname="xiaqiu.LaunchXiaqiuTest">
          <skipped />
    </testcase>
            <testcase name="indexPage_test" time="0.0" classname="xiaqiu.LaunchXiaqiuTest">
          <skipped />
    </testcase>
            <testcase name="login_test" time="0.0" classname="xiaqiu.LaunchXiaqiuTest">
          <skipped />
    </testcase>
  
  
</testsuite>
